31-Mar-2015 17:13:03.462 INFO [main] org.apache.catalina.startup.VersionLoggerListener.log Server version:        Apache Tomcat/8.0.18
31-Mar-2015 17:13:03.463 INFO [main] org.apache.catalina.startup.VersionLoggerListener.log Server built:          Jan 23 2015 11:56:07 UTC
31-Mar-2015 17:13:03.464 INFO [main] org.apache.catalina.startup.VersionLoggerListener.log Server number:         8.0.18.0
31-Mar-2015 17:13:03.464 INFO [main] org.apache.catalina.startup.VersionLoggerListener.log OS Name:               Linux
31-Mar-2015 17:13:03.464 INFO [main] org.apache.catalina.startup.VersionLoggerListener.log OS Version:            3.16.0-31-generic
31-Mar-2015 17:13:03.464 INFO [main] org.apache.catalina.startup.VersionLoggerListener.log Architecture:          amd64
31-Mar-2015 17:13:03.464 INFO [main] org.apache.catalina.startup.VersionLoggerListener.log Java Home:             /usr/lib/jvm/java-7-openjdk-amd64/jre
31-Mar-2015 17:13:03.464 INFO [main] org.apache.catalina.startup.VersionLoggerListener.log JVM Version:           1.7.0_75-b13
31-Mar-2015 17:13:03.464 INFO [main] org.apache.catalina.startup.VersionLoggerListener.log JVM Vendor:            Oracle Corporation
31-Mar-2015 17:13:03.464 INFO [main] org.apache.catalina.startup.VersionLoggerListener.log CATALINA_BASE:         /home/b/bouhdids/Documents/M1INFO/S2/IBD/PROJET/apache-tomcat-8.0.18
31-Mar-2015 17:13:03.464 INFO [main] org.apache.catalina.startup.VersionLoggerListener.log CATALINA_HOME:         /home/b/bouhdids/Documents/M1INFO/S2/IBD/PROJET/apache-tomcat-8.0.18
31-Mar-2015 17:13:03.465 INFO [main] org.apache.catalina.startup.VersionLoggerListener.log Command line argument: -Djava.util.logging.config.file=/home/b/bouhdids/Documents/M1INFO/S2/IBD/PROJET/apache-tomcat-8.0.18/conf/logging.properties
31-Mar-2015 17:13:03.465 INFO [main] org.apache.catalina.startup.VersionLoggerListener.log Command line argument: -Djava.util.logging.manager=org.apache.juli.ClassLoaderLogManager
31-Mar-2015 17:13:03.465 INFO [main] org.apache.catalina.startup.VersionLoggerListener.log Command line argument: -Djava.endorsed.dirs=/home/b/bouhdids/Documents/M1INFO/S2/IBD/PROJET/apache-tomcat-8.0.18/endorsed
31-Mar-2015 17:13:03.465 INFO [main] org.apache.catalina.startup.VersionLoggerListener.log Command line argument: -Dcatalina.base=/home/b/bouhdids/Documents/M1INFO/S2/IBD/PROJET/apache-tomcat-8.0.18
31-Mar-2015 17:13:03.465 INFO [main] org.apache.catalina.startup.VersionLoggerListener.log Command line argument: -Dcatalina.home=/home/b/bouhdids/Documents/M1INFO/S2/IBD/PROJET/apache-tomcat-8.0.18
31-Mar-2015 17:13:03.465 INFO [main] org.apache.catalina.startup.VersionLoggerListener.log Command line argument: -Djava.io.tmpdir=/home/b/bouhdids/Documents/M1INFO/S2/IBD/PROJET/apache-tomcat-8.0.18/temp
31-Mar-2015 17:13:03.466 INFO [main] org.apache.catalina.core.AprLifecycleListener.lifecycleEvent The APR based Apache Tomcat Native library which allows optimal performance in production environments was not found on the java.library.path: /usr/java/packages/lib/amd64:/usr/lib/x86_64-linux-gnu/jni:/lib/x86_64-linux-gnu:/usr/lib/x86_64-linux-gnu:/usr/lib/jni:/lib:/usr/lib
31-Mar-2015 17:13:03.713 INFO [main] org.apache.coyote.AbstractProtocol.init Initializing ProtocolHandler ["http-nio-8080"]
31-Mar-2015 17:13:03.747 INFO [main] org.apache.tomcat.util.net.NioSelectorPool.getSharedSelector Using a shared selector for servlet write/read
31-Mar-2015 17:13:03.756 INFO [main] org.apache.coyote.AbstractProtocol.init Initializing ProtocolHandler ["ajp-nio-8009"]
31-Mar-2015 17:13:03.762 INFO [main] org.apache.tomcat.util.net.NioSelectorPool.getSharedSelector Using a shared selector for servlet write/read
31-Mar-2015 17:13:03.763 INFO [main] org.apache.catalina.startup.Catalina.load Initialization processed in 1241 ms
31-Mar-2015 17:13:03.833 INFO [main] org.apache.catalina.core.StandardService.startInternal Démarrage du service Catalina
31-Mar-2015 17:13:03.833 INFO [main] org.apache.catalina.core.StandardEngine.startInternal Starting Servlet Engine: Apache Tomcat/8.0.18
31-Mar-2015 17:13:03.892 INFO [localhost-startStop-1] org.apache.catalina.startup.HostConfig.deployDirectory Déploiement du répertoire /home/b/bouhdids/Documents/M1INFO/S2/IBD/PROJET/apache-tomcat-8.0.18/webapps/ROOT de l'application web
31-Mar-2015 17:13:04.681 INFO [localhost-startStop-1] org.apache.catalina.startup.HostConfig.deployDirectory Deployment of web application directory /home/b/bouhdids/Documents/M1INFO/S2/IBD/PROJET/apache-tomcat-8.0.18/webapps/ROOT has finished in 779 ms
31-Mar-2015 17:13:04.685 INFO [main] org.apache.coyote.AbstractProtocol.start Starting ProtocolHandler ["http-nio-8080"]
31-Mar-2015 17:13:04.694 INFO [main] org.apache.coyote.AbstractProtocol.start Starting ProtocolHandler ["ajp-nio-8009"]
31-Mar-2015 17:13:04.695 INFO [main] org.apache.catalina.startup.Catalina.start Server startup in 932 ms
31-Mar-2015 19:30:10.264 INFO [Thread-5] org.apache.coyote.AbstractProtocol.pause Pausing ProtocolHandler ["http-nio-8080"]
31-Mar-2015 19:30:10.328 INFO [Thread-5] org.apache.coyote.AbstractProtocol.pause Pausing ProtocolHandler ["ajp-nio-8009"]
31-Mar-2015 19:30:10.379 INFO [Thread-5] org.apache.catalina.core.StandardService.stopInternal Arrêt du service Catalina
31-Mar-2015 19:30:10.421 INFO [Thread-5] org.apache.coyote.AbstractProtocol.stop Stopping ProtocolHandler ["http-nio-8080"]
31-Mar-2015 19:30:10.423 INFO [Thread-5] org.apache.coyote.AbstractProtocol.stop Stopping ProtocolHandler ["ajp-nio-8009"]
31-Mar-2015 19:30:10.424 INFO [Thread-5] org.apache.coyote.AbstractProtocol.destroy Destroying ProtocolHandler ["http-nio-8080"]
31-Mar-2015 19:30:10.425 INFO [Thread-5] org.apache.coyote.AbstractProtocol.destroy Destroying ProtocolHandler ["ajp-nio-8009"]
