17-Mar-2015 17:43:59.659 INFO [main] org.apache.catalina.startup.VersionLoggerListener.log Server version:        Apache Tomcat/8.0.18
17-Mar-2015 17:43:59.670 INFO [main] org.apache.catalina.startup.VersionLoggerListener.log Server built:          Jan 23 2015 11:56:07 UTC
17-Mar-2015 17:43:59.670 INFO [main] org.apache.catalina.startup.VersionLoggerListener.log Server number:         8.0.18.0
17-Mar-2015 17:43:59.670 INFO [main] org.apache.catalina.startup.VersionLoggerListener.log OS Name:               Linux
17-Mar-2015 17:43:59.670 INFO [main] org.apache.catalina.startup.VersionLoggerListener.log OS Version:            3.13.0-24-generic
17-Mar-2015 17:43:59.671 INFO [main] org.apache.catalina.startup.VersionLoggerListener.log Architecture:          amd64
17-Mar-2015 17:43:59.671 INFO [main] org.apache.catalina.startup.VersionLoggerListener.log Java Home:             /usr/lib/jvm/java-7-openjdk-amd64/jre
17-Mar-2015 17:43:59.671 INFO [main] org.apache.catalina.startup.VersionLoggerListener.log JVM Version:           1.7.0_75-b13
17-Mar-2015 17:43:59.671 INFO [main] org.apache.catalina.startup.VersionLoggerListener.log JVM Vendor:            Oracle Corporation
17-Mar-2015 17:43:59.671 INFO [main] org.apache.catalina.startup.VersionLoggerListener.log CATALINA_BASE:         /home/b/bouhdids/Documents/M1INFO/S2/IBD/apache-tomcat-8.0.18
17-Mar-2015 17:43:59.671 INFO [main] org.apache.catalina.startup.VersionLoggerListener.log CATALINA_HOME:         /home/b/bouhdids/Documents/M1INFO/S2/IBD/apache-tomcat-8.0.18
17-Mar-2015 17:43:59.672 INFO [main] org.apache.catalina.startup.VersionLoggerListener.log Command line argument: -Djava.util.logging.config.file=/home/b/bouhdids/Documents/M1INFO/S2/IBD/apache-tomcat-8.0.18/conf/logging.properties
17-Mar-2015 17:43:59.672 INFO [main] org.apache.catalina.startup.VersionLoggerListener.log Command line argument: -Djava.util.logging.manager=org.apache.juli.ClassLoaderLogManager
17-Mar-2015 17:43:59.672 INFO [main] org.apache.catalina.startup.VersionLoggerListener.log Command line argument: -Djava.endorsed.dirs=/home/b/bouhdids/Documents/M1INFO/S2/IBD/apache-tomcat-8.0.18/endorsed
17-Mar-2015 17:43:59.672 INFO [main] org.apache.catalina.startup.VersionLoggerListener.log Command line argument: -Dcatalina.base=/home/b/bouhdids/Documents/M1INFO/S2/IBD/apache-tomcat-8.0.18
17-Mar-2015 17:43:59.672 INFO [main] org.apache.catalina.startup.VersionLoggerListener.log Command line argument: -Dcatalina.home=/home/b/bouhdids/Documents/M1INFO/S2/IBD/apache-tomcat-8.0.18
17-Mar-2015 17:43:59.672 INFO [main] org.apache.catalina.startup.VersionLoggerListener.log Command line argument: -Djava.io.tmpdir=/home/b/bouhdids/Documents/M1INFO/S2/IBD/apache-tomcat-8.0.18/temp
17-Mar-2015 17:43:59.672 INFO [main] org.apache.catalina.core.AprLifecycleListener.lifecycleEvent The APR based Apache Tomcat Native library which allows optimal performance in production environments was not found on the java.library.path: /usr/java/packages/lib/amd64:/usr/lib/x86_64-linux-gnu/jni:/lib/x86_64-linux-gnu:/usr/lib/x86_64-linux-gnu:/usr/lib/jni:/lib:/usr/lib
17-Mar-2015 17:44:00.019 INFO [main] org.apache.coyote.AbstractProtocol.init Initializing ProtocolHandler ["http-nio-8080"]
17-Mar-2015 17:44:00.059 INFO [main] org.apache.tomcat.util.net.NioSelectorPool.getSharedSelector Using a shared selector for servlet write/read
17-Mar-2015 17:44:00.063 INFO [main] org.apache.coyote.AbstractProtocol.init Initializing ProtocolHandler ["ajp-nio-8009"]
17-Mar-2015 17:44:00.069 INFO [main] org.apache.tomcat.util.net.NioSelectorPool.getSharedSelector Using a shared selector for servlet write/read
17-Mar-2015 17:44:00.070 INFO [main] org.apache.catalina.startup.Catalina.load Initialization processed in 1691 ms
17-Mar-2015 17:44:00.153 INFO [main] org.apache.catalina.core.StandardService.startInternal Démarrage du service Catalina
17-Mar-2015 17:44:00.154 INFO [main] org.apache.catalina.core.StandardEngine.startInternal Starting Servlet Engine: Apache Tomcat/8.0.18
17-Mar-2015 17:44:00.246 INFO [localhost-startStop-1] org.apache.catalina.startup.HostConfig.deployDirectory Déploiement du répertoire /home/b/bouhdids/Documents/M1INFO/S2/IBD/apache-tomcat-8.0.18/webapps/ROOT de l'application web
17-Mar-2015 17:44:01.166 INFO [localhost-startStop-1] org.apache.catalina.startup.HostConfig.deployDirectory Deployment of web application directory /home/b/bouhdids/Documents/M1INFO/S2/IBD/apache-tomcat-8.0.18/webapps/ROOT has finished in 918 ms
17-Mar-2015 17:44:01.169 INFO [main] org.apache.coyote.AbstractProtocol.start Starting ProtocolHandler ["http-nio-8080"]
17-Mar-2015 17:44:01.179 INFO [main] org.apache.coyote.AbstractProtocol.start Starting ProtocolHandler ["ajp-nio-8009"]
17-Mar-2015 17:44:01.181 INFO [main] org.apache.catalina.startup.Catalina.start Server startup in 1110 ms
17-Mar-2015 19:30:11.076 INFO [Thread-5] org.apache.coyote.AbstractProtocol.pause Pausing ProtocolHandler ["http-nio-8080"]
17-Mar-2015 19:30:11.107 INFO [Thread-5] org.apache.coyote.AbstractProtocol.pause Pausing ProtocolHandler ["ajp-nio-8009"]
17-Mar-2015 19:30:11.157 INFO [Thread-5] org.apache.catalina.core.StandardService.stopInternal Arrêt du service Catalina
17-Mar-2015 19:30:11.215 INFO [Thread-5] org.apache.coyote.AbstractProtocol.stop Stopping ProtocolHandler ["http-nio-8080"]
17-Mar-2015 19:30:11.218 INFO [Thread-5] org.apache.coyote.AbstractProtocol.stop Stopping ProtocolHandler ["ajp-nio-8009"]
17-Mar-2015 19:30:11.219 INFO [Thread-5] org.apache.coyote.AbstractProtocol.destroy Destroying ProtocolHandler ["http-nio-8080"]
17-Mar-2015 19:30:11.220 INFO [Thread-5] org.apache.coyote.AbstractProtocol.destroy Destroying ProtocolHandler ["ajp-nio-8009"]
